<html>
<head>
<title>TestNG:  RegressionSuite</title>
<link href="../testng.css" rel="stylesheet" type="text/css" />
<link href="../my-testng.css" rel="stylesheet" type="text/css" />

<style type="text/css">
.log { display: none;} 
.stack-trace { display: none;} 
</style>
<script type="text/javascript">
<!--
function flip(e) {
  current = e.style.display;
  if (current == 'block') {
    e.style.display = 'none';
    return 0;
  }
  else {
    e.style.display = 'block';
    return 1;
  }
}

function toggleBox(szDivId, elem, msg1, msg2)
{
  var res = -1;  if (document.getElementById) {
    res = flip(document.getElementById(szDivId));
  }
  else if (document.all) {
    // this is the way old msie versions work
    res = flip(document.all[szDivId]);
  }
  if(elem) {
    if(res == 0) elem.innerHTML = msg1; else elem.innerHTML = msg2;
  }

}

function toggleAllBoxes() {
  if (document.getElementsByTagName) {
    d = document.getElementsByTagName('div');
    for (i = 0; i < d.length; i++) {
      if (d[i].className == 'log') {
        flip(d[i]);
      }
    }
  }
}

// -->
</script>

</head>
<body>
<h2 align='center'>RegressionSuite</h2><table border='1' align="center">
<tr>
<td>Tests passed/Failed/Skipped:</td><td>4/1/0</td>
</tr><tr>
<td>Started on:</td><td>Sun May 27 21:56:20 CEST 2018</td>
</tr>
<tr><td>Total time:</td><td>231 seconds (231307 ms)</td>
</tr><tr>
<td>Included groups:</td><td></td>
</tr><tr>
<td>Excluded groups:</td><td></td>
</tr>
</table><p/>
<small><i>(Hover the method name to see the test class name)</i></small><p/>
<table width='100%' border='1' class='invocation-failed'>
<tr><td colspan='4' align='center'><b>FAILED TESTS</b></td></tr>
<tr><td><b>Test method</b></td>
<td width="30%"><b>Exception</b></td>
<td width="10%"><b>Time (seconds)</b></td>
<td><b>Instance</b></td>
</tr>
<tr>
<td title='Barbbler.AutomationExcercise.LoginScreenTest.testUntitled()'><b>testUntitled</b><br>Test class: Barbbler.AutomationExcercise.LoginScreenTest</td>
<td><div><pre>org.openqa.selenium.WebDriverException: unknown error (An unknown server-side error occurred. status=&apos;false&apos;. Failed to complete internal method: &apos;elementSendText args: [NATIVE, xpath=(//*[@id=&apos;passwordTextField&apos;])[1], 0, company]&apos;, details: Failed to send text to &apos;xpath=(//*[@id=&apos;passwordTextField&apos;])[1]&apos;. Failed to get screen. null)  (WARNING: The server did not provide any stacktrace information)
Command duration or timeout: 22 milliseconds
Build info: version: &apos;2.53.1&apos;, revision: &apos;a36b8b1cd5757287168e54b817830adce9b0158d&apos;, time: &apos;2016-06-30 19:26:09&apos;
System info: host: &apos;E0349464&apos;, ip: &apos;192.168.0.18&apos;, os.name: &apos;Windows 10&apos;, os.arch: &apos;amd64&apos;, os.version: &apos;10.0&apos;, java.version: &apos;1.8.0_144&apos;
Driver info: io.appium.java_client.android.AndroidDriver
Capabilities [{device.majorVersion=7.0.x, dontGoHomeOnQuit=false, device.os=Android, noReset=false, dontStopAppOnReset=false, reservationDuration=240, reportFormat=xml, fullReset=false, platform=ANY, desired={reportDirectory=reports, reportFormat=xml, udid=01171132ba271901, platformName=Android, testName=Untitled}, device.serialNumber=01171132ba271901, locationServicesAuthorized=false, device.version=7.0, reportDirectory=reports, autoWebview=false, udid=01171132ba271901, platformName=Android, testName=Untitled, device.screenSize=1440x2560, useKeystore=false, device.manufacture=samsung, instrumentApp=false, device.category=PHONE, autoDismissAlerts=false, reportUrl=C:\Users\RajendranV2\appiumstudioenterprise-reports\reports\test12, keystorePath=~/.android/debug.keystore, waitForDeviceTimeout=120000, device.model=SM-G920F, device.name=samsung SM-G920F --RCS DTAG, autoGrantPermissions=false, projectName=, autoAcceptAlerts=false}]
Session ID: 80f675a7-22ae-48f1-b70e-dd394955c9b8
	at org.openqa.selenium.remote.ErrorHandler.createThrowable(ErrorHandler.java:206)
	at org.openqa.selenium.remote.ErrorHandler.throwIfResponseFailed(ErrorHandler.java:158)
	at org.openqa.selenium.remote.RemoteWebDriver.execute(RemoteWebDriver.java:678)
	at io.appium.java_client.DefaultGenericMobileDriver.execute(DefaultGenericMobileDriver.java:40)
	at io.appium.java_client.AppiumDriver.execute(AppiumDriver.java:1)
	at io.appium.java_client.android.AndroidDriver.execute(AndroidDriver.java:1)
	at org.openqa.selenium.remote.RemoteWebElement.execute(RemoteWebElement.java:327)
	at io.appium.java_client.DefaultGenericMobileElement.execute(DefaultGenericMobileElement.java:33)
	at io.appium.java_client.MobileElement.execute(MobileElement.java:1)
	at io.appium.java_client.android.AndroidElement.execute(AndroidElement.java:1)
	at org.openqa.selenium.remote.RemoteWebElement.sendKeys(RemoteWebElement.java:122)
	at Barbbler.AutomationExcercise.LoginPage.testLogin(LoginPage.java:17)
	at Barbbler.AutomationExcercise.LoginScreenTest.testUntitled(LoginScreenTest.java:10)
... Removed 32 stack frames</pre></div><a href='#' onClick='toggleBox("stack-trace1949298838", this, "Click to show all stack frames", "Click to hide stack frames")'>Click to show all stack frames</a>
<div class='stack-trace' id='stack-trace1949298838'><pre>org.openqa.selenium.WebDriverException: unknown error (An unknown server-side error occurred. status=&apos;false&apos;. Failed to complete internal method: &apos;elementSendText args: [NATIVE, xpath=(//*[@id=&apos;passwordTextField&apos;])[1], 0, company]&apos;, details: Failed to send text to &apos;xpath=(//*[@id=&apos;passwordTextField&apos;])[1]&apos;. Failed to get screen. null)  (WARNING: The server did not provide any stacktrace information)
Command duration or timeout: 22 milliseconds
Build info: version: &apos;2.53.1&apos;, revision: &apos;a36b8b1cd5757287168e54b817830adce9b0158d&apos;, time: &apos;2016-06-30 19:26:09&apos;
System info: host: &apos;E0349464&apos;, ip: &apos;192.168.0.18&apos;, os.name: &apos;Windows 10&apos;, os.arch: &apos;amd64&apos;, os.version: &apos;10.0&apos;, java.version: &apos;1.8.0_144&apos;
Driver info: io.appium.java_client.android.AndroidDriver
Capabilities [{device.majorVersion=7.0.x, dontGoHomeOnQuit=false, device.os=Android, noReset=false, dontStopAppOnReset=false, reservationDuration=240, reportFormat=xml, fullReset=false, platform=ANY, desired={reportDirectory=reports, reportFormat=xml, udid=01171132ba271901, platformName=Android, testName=Untitled}, device.serialNumber=01171132ba271901, locationServicesAuthorized=false, device.version=7.0, reportDirectory=reports, autoWebview=false, udid=01171132ba271901, platformName=Android, testName=Untitled, device.screenSize=1440x2560, useKeystore=false, device.manufacture=samsung, instrumentApp=false, device.category=PHONE, autoDismissAlerts=false, reportUrl=C:\Users\RajendranV2\appiumstudioenterprise-reports\reports\test12, keystorePath=~/.android/debug.keystore, waitForDeviceTimeout=120000, device.model=SM-G920F, device.name=samsung SM-G920F --RCS DTAG, autoGrantPermissions=false, projectName=, autoAcceptAlerts=false}]
Session ID: 80f675a7-22ae-48f1-b70e-dd394955c9b8
	at sun.reflect.NativeConstructorAccessorImpl.newInstance0(Native Method)
	at sun.reflect.NativeConstructorAccessorImpl.newInstance(NativeConstructorAccessorImpl.java:62)
	at sun.reflect.DelegatingConstructorAccessorImpl.newInstance(DelegatingConstructorAccessorImpl.java:45)
	at java.lang.reflect.Constructor.newInstance(Constructor.java:423)
	at org.openqa.selenium.remote.ErrorHandler.createThrowable(ErrorHandler.java:206)
	at org.openqa.selenium.remote.ErrorHandler.throwIfResponseFailed(ErrorHandler.java:158)
	at org.openqa.selenium.remote.RemoteWebDriver.execute(RemoteWebDriver.java:678)
	at io.appium.java_client.DefaultGenericMobileDriver.execute(DefaultGenericMobileDriver.java:40)
	at io.appium.java_client.AppiumDriver.execute(AppiumDriver.java:1)
	at io.appium.java_client.android.AndroidDriver.execute(AndroidDriver.java:1)
	at org.openqa.selenium.remote.RemoteWebElement.execute(RemoteWebElement.java:327)
	at io.appium.java_client.DefaultGenericMobileElement.execute(DefaultGenericMobileElement.java:33)
	at io.appium.java_client.MobileElement.execute(MobileElement.java:1)
	at io.appium.java_client.android.AndroidElement.execute(AndroidElement.java:1)
	at org.openqa.selenium.remote.RemoteWebElement.sendKeys(RemoteWebElement.java:122)
	at Barbbler.AutomationExcercise.LoginPage.testLogin(LoginPage.java:17)
	at Barbbler.AutomationExcercise.LoginScreenTest.testUntitled(LoginScreenTest.java:10)
	at sun.reflect.NativeMethodAccessorImpl.invoke0(Native Method)
	at sun.reflect.NativeMethodAccessorImpl.invoke(NativeMethodAccessorImpl.java:62)
	at sun.reflect.DelegatingMethodAccessorImpl.invoke(DelegatingMethodAccessorImpl.java:43)
	at java.lang.reflect.Method.invoke(Method.java:498)
	at org.testng.internal.MethodInvocationHelper.invokeMethod(MethodInvocationHelper.java:124)
	at org.testng.internal.Invoker.invokeMethod(Invoker.java:580)
	at org.testng.internal.Invoker.invokeTestMethod(Invoker.java:716)
	at org.testng.internal.Invoker.invokeTestMethods(Invoker.java:988)
	at org.testng.internal.TestMethodWorker.invokeTestMethods(TestMethodWorker.java:125)
	at org.testng.internal.TestMethodWorker.run(TestMethodWorker.java:109)
	at org.testng.TestRunner.privateRun(TestRunner.java:648)
	at org.testng.TestRunner.run(TestRunner.java:505)
	at org.testng.SuiteRunner.runTest(SuiteRunner.java:455)
	at org.testng.SuiteRunner.runSequentially(SuiteRunner.java:450)
	at org.testng.SuiteRunner.privateRun(SuiteRunner.java:415)
	at org.testng.SuiteRunner.run(SuiteRunner.java:364)
	at org.testng.SuiteRunnerWorker.runSuite(SuiteRunnerWorker.java:52)
	at org.testng.SuiteRunnerWorker.run(SuiteRunnerWorker.java:84)
	at org.testng.TestNG.runSuitesSequentially(TestNG.java:1208)
	at org.testng.TestNG.runSuitesLocally(TestNG.java:1137)
	at org.testng.TestNG.runSuites(TestNG.java:1049)
	at org.testng.TestNG.run(TestNG.java:1017)
	at org.apache.maven.surefire.testng.TestNGExecutor.run(TestNGExecutor.java:295)
	at org.apache.maven.surefire.testng.TestNGXmlTestSuite.execute(TestNGXmlTestSuite.java:84)
	at org.apache.maven.surefire.testng.TestNGProvider.invoke(TestNGProvider.java:90)
	at org.apache.maven.surefire.booter.ForkedBooter.invokeProviderInSameClassLoader(ForkedBooter.java:203)
	at org.apache.maven.surefire.booter.ForkedBooter.runSuitesInProcess(ForkedBooter.java:155)
	at org.apache.maven.surefire.booter.ForkedBooter.main(ForkedBooter.java:103)
</pre></div></td>
<td>9</td>
<td>Barbbler.AutomationExcercise.LoginScreenTest@1f28c152</td></tr>
</table><p>
<table width='100%' border='1' class='invocation-passed'>
<tr><td colspan='4' align='center'><b>PASSED TESTS</b></td></tr>
<tr><td><b>Test method</b></td>
<td width="30%"><b>Exception</b></td>
<td width="10%"><b>Time (seconds)</b></td>
<td><b>Instance</b></td>
</tr>
<tr>
<td title='Barbbler.AutomationExcercise.PaymentScreenTest.testUntitled()'><b>testUntitled</b><br>Test class: Barbbler.AutomationExcercise.PaymentScreenTest</td>
<td></td>
<td>33</td>
<td>Barbbler.AutomationExcercise.PaymentScreenTest@7d907bac</td></tr>
<tr>
<td title='Barbbler.AutomationExcercise.MakePaymentTest.testUntitled()'><b>testUntitled</b><br>Test class: Barbbler.AutomationExcercise.MakePaymentTest</td>
<td></td>
<td>50</td>
<td>Barbbler.AutomationExcercise.MakePaymentTest@7791a895</td></tr>
<tr>
<td title='Barbbler.AutomationExcercise.CancelPaymentTest.testUntitled()'><b>testUntitled</b><br>Test class: Barbbler.AutomationExcercise.CancelPaymentTest</td>
<td></td>
<td>44</td>
<td>Barbbler.AutomationExcercise.CancelPaymentTest@3a5ed7a6</td></tr>
<tr>
<td title='Barbbler.AutomationExcercise.LogoutTest.testUntitled()'><b>testUntitled</b><br>Test class: Barbbler.AutomationExcercise.LogoutTest</td>
<td></td>
<td>25</td>
<td>Barbbler.AutomationExcercise.LogoutTest@6325a3ee</td></tr>
</table><p>
</body>
</html>