<?xml version="1.0" encoding="UTF-8"?>
<!-- Generated by org.testng.reporters.JUnitXMLReporter -->
<testsuite hostname="E0349464" ignored="0" name="RegressionSuite" tests="5" failures="1" timestamp="27 May 2018 20:00:11 GMT" time="231.307" errors="0">
  <testcase name="testUntitled" time="9.091" classname="Barbbler.AutomationExcercise.LoginScreenTest">
    <failure type="org.openqa.selenium.WebDriverException" message="unknown error (An unknown server-side error occurred. status=&amp;apos;false&amp;apos;. Failed to complete internal method: &amp;apos;elementSendText args: [NATIVE, xpath=(//*[@id=&amp;apos;passwordTextField&amp;apos;])[1], 0, company]&amp;apos;, details: Failed to send text to &amp;apos;xpath=(//*[@id=&amp;apos;passwordTextField&amp;apos;])[1]&amp;apos;. Failed to get screen. null)  (WARNING: The server did not provide any stacktrace information)
Command duration or timeout: 22 milliseconds
Build info: version: &amp;apos;2.53.1&amp;apos;, revision: &amp;apos;a36b8b1cd5757287168e54b817830adce9b0158d&amp;apos;, time: &amp;apos;2016-06-30 19:26:09&amp;apos;
System info: host: &amp;apos;E0349464&amp;apos;, ip: &amp;apos;192.168.0.18&amp;apos;, os.name: &amp;apos;Windows 10&amp;apos;, os.arch: &amp;apos;amd64&amp;apos;, os.version: &amp;apos;10.0&amp;apos;, java.version: &amp;apos;1.8.0_144&amp;apos;
Driver info: io.appium.java_client.android.AndroidDriver
Capabilities [{device.majorVersion=7.0.x, dontGoHomeOnQuit=false, device.os=Android, noReset=false, dontStopAppOnReset=false, reservationDuration=240, reportFormat=xml, fullReset=false, platform=ANY, desired={reportDirectory=reports, reportFormat=xml, udid=01171132ba271901, platformName=Android, testName=Untitled}, device.serialNumber=01171132ba271901, locationServicesAuthorized=false, device.version=7.0, reportDirectory=reports, autoWebview=false, udid=01171132ba271901, platformName=Android, testName=Untitled, device.screenSize=1440x2560, useKeystore=false, device.manufacture=samsung, instrumentApp=false, device.category=PHONE, autoDismissAlerts=false, reportUrl=C:\Users\RajendranV2\appiumstudioenterprise-reports\reports\test12, keystorePath=~/.android/debug.keystore, waitForDeviceTimeout=120000, device.model=SM-G920F, device.name=samsung SM-G920F --RCS DTAG, autoGrantPermissions=false, projectName=, autoAcceptAlerts=false}]
Session ID: 80f675a7-22ae-48f1-b70e-dd394955c9b8">
      <![CDATA[org.openqa.selenium.WebDriverException: unknown error (An unknown server-side error occurred. status='false'. Failed to complete internal method: 'elementSendText args: [NATIVE, xpath=(//*[@id='passwordTextField'])[1], 0, company]', details: Failed to send text to 'xpath=(//*[@id='passwordTextField'])[1]'. Failed to get screen. null)  (WARNING: The server did not provide any stacktrace information)
Command duration or timeout: 22 milliseconds
Build info: version: '2.53.1', revision: 'a36b8b1cd5757287168e54b817830adce9b0158d', time: '2016-06-30 19:26:09'
System info: host: 'E0349464', ip: '192.168.0.18', os.name: 'Windows 10', os.arch: 'amd64', os.version: '10.0', java.version: '1.8.0_144'
Driver info: io.appium.java_client.android.AndroidDriver
Capabilities [{device.majorVersion=7.0.x, dontGoHomeOnQuit=false, device.os=Android, noReset=false, dontStopAppOnReset=false, reservationDuration=240, reportFormat=xml, fullReset=false, platform=ANY, desired={reportDirectory=reports, reportFormat=xml, udid=01171132ba271901, platformName=Android, testName=Untitled}, device.serialNumber=01171132ba271901, locationServicesAuthorized=false, device.version=7.0, reportDirectory=reports, autoWebview=false, udid=01171132ba271901, platformName=Android, testName=Untitled, device.screenSize=1440x2560, useKeystore=false, device.manufacture=samsung, instrumentApp=false, device.category=PHONE, autoDismissAlerts=false, reportUrl=C:\Users\RajendranV2\appiumstudioenterprise-reports\reports\test12, keystorePath=~/.android/debug.keystore, waitForDeviceTimeout=120000, device.model=SM-G920F, device.name=samsung SM-G920F --RCS DTAG, autoGrantPermissions=false, projectName=, autoAcceptAlerts=false}]
Session ID: 80f675a7-22ae-48f1-b70e-dd394955c9b8
at org.openqa.selenium.remote.ErrorHandler.createThrowable(ErrorHandler.java:206)
at org.openqa.selenium.remote.ErrorHandler.throwIfResponseFailed(ErrorHandler.java:158)
at org.openqa.selenium.remote.RemoteWebDriver.execute(RemoteWebDriver.java:678)
at io.appium.java_client.DefaultGenericMobileDriver.execute(DefaultGenericMobileDriver.java:40)
at io.appium.java_client.AppiumDriver.execute(AppiumDriver.java:1)
at io.appium.java_client.android.AndroidDriver.execute(AndroidDriver.java:1)
at org.openqa.selenium.remote.RemoteWebElement.execute(RemoteWebElement.java:327)
at io.appium.java_client.DefaultGenericMobileElement.execute(DefaultGenericMobileElement.java:33)
at io.appium.java_client.MobileElement.execute(MobileElement.java:1)
at io.appium.java_client.android.AndroidElement.execute(AndroidElement.java:1)
at org.openqa.selenium.remote.RemoteWebElement.sendKeys(RemoteWebElement.java:122)
at Barbbler.AutomationExcercise.LoginPage.testLogin(LoginPage.java:17)
at Barbbler.AutomationExcercise.LoginScreenTest.testUntitled(LoginScreenTest.java:10)
... Removed 32 stack frames]]>
    </failure>
  </testcase> <!-- testUntitled -->
  <testcase name="testUntitled" time="33.021" classname="Barbbler.AutomationExcercise.PaymentScreenTest"/>
  <testcase name="testUntitled" time="50.449" classname="Barbbler.AutomationExcercise.MakePaymentTest"/>
  <testcase name="testUntitled" time="44.96" classname="Barbbler.AutomationExcercise.CancelPaymentTest"/>
  <testcase name="testUntitled" time="25.503" classname="Barbbler.AutomationExcercise.LogoutTest"/>
</testsuite> <!-- RegressionSuite -->
